<?xml version="1.0" encoding="UTF-8" standalone="no"?>
<testsuite errors="0" failures="1" name="io.cucumber.core.plugin.JUnitFormatter" skipped="0" tests="3" time="88.732">
<testcase classname="Walmartda arama" name="TC_07 kullanici walmartta aramalar yapar" time="47.953">
<system-out><![CDATA[Given kullanici walmart "https://www.walmart.com" sayfasina gider...........passed
And kulanici walmart aramakutusunda "calculator" arar.......................passed
And kullanici walmartda cikan sonucu yazdirir...............................passed
]]></system-out>
</testcase>
<testcase classname="Walmartda arama" name="TC_07 kullanici walmartta aramalar yapar 2" time="22.264">
<system-out><![CDATA[Given kullanici walmart "https://www.walmart.com" sayfasina gider...........passed
And kulanici walmart aramakutusunda "watch" arar............................passed
And kullanici walmartda cikan sonucu yazdirir...............................passed
]]></system-out>
</testcase>
<testcase classname="Walmartda arama" name="TC_07 kullanici walmartta aramalar yapar 3" time="17.686">
<failure message="unknown error: failed to change window state to 'normal', current state is 'maximized'&#10;  (Session info: chrome=85.0.4183.121)&#10;Build info: version: '3.141.59', revision: 'e82be7d358', time: '2018-11-14T08:17:03'&#10;System info: host: 'LEVENT', ip: '192.168.1.53', os.name: 'Windows 10', os.arch: 'amd64', os.version: '10.0', java.version: '1.8.0_261'&#10;Driver info: org.openqa.selenium.chrome.ChromeDriver&#10;Capabilities {acceptInsecureCerts: false, browserName: chrome, browserVersion: 85.0.4183.121, chrome: {chromedriverVersion: 85.0.4183.87 (cd6713ebf92fa..., userDataDir: C:\Users\mk201\AppData\Loca...}, goog:chromeOptions: {debuggerAddress: localhost:61653}, javascriptEnabled: true, networkConnectionEnabled: false, pageLoadStrategy: normal, platform: WINDOWS, platformName: WINDOWS, proxy: Proxy(), setWindowRect: true, strictFileInteractability: false, timeouts: {implicit: 0, pageLoad: 300000, script: 30000}, unhandledPromptBehavior: dismiss and notify, webauthn:virtualAuthenticators: true}&#10;Session ID: 7680ac1850e7085d83cb3cf37949a356" type="org.openqa.selenium.WebDriverException"><![CDATA[Given kullanici walmart "https://www.walmart.com" sayfasina gider...........passed
And kulanici walmart aramakutusunda "flower" arar...........................passed
And kullanici walmartda cikan sonucu yazdirir...............................passed

StackTrace:
org.openqa.selenium.WebDriverException: unknown error: failed to change window state to 'normal', current state is 'maximized'
  (Session info: chrome=85.0.4183.121)
Build info: version: '3.141.59', revision: 'e82be7d358', time: '2018-11-14T08:17:03'
System info: host: 'LEVENT', ip: '192.168.1.53', os.name: 'Windows 10', os.arch: 'amd64', os.version: '10.0', java.version: '1.8.0_261'
Driver info: org.openqa.selenium.chrome.ChromeDriver
Capabilities {acceptInsecureCerts: false, browserName: chrome, browserVersion: 85.0.4183.121, chrome: {chromedriverVersion: 85.0.4183.87 (cd6713ebf92fa..., userDataDir: C:\Users\mk201\AppData\Loca...}, goog:chromeOptions: {debuggerAddress: localhost:61653}, javascriptEnabled: true, networkConnectionEnabled: false, pageLoadStrategy: normal, platform: WINDOWS, platformName: WINDOWS, proxy: Proxy(), setWindowRect: true, strictFileInteractability: false, timeouts: {implicit: 0, pageLoad: 300000, script: 30000}, unhandledPromptBehavior: dismiss and notify, webauthn:virtualAuthenticators: true}
Session ID: 7680ac1850e7085d83cb3cf37949a356
	at sun.reflect.NativeConstructorAccessorImpl.newInstance0(Native Method)
	at sun.reflect.NativeConstructorAccessorImpl.newInstance(Unknown Source)
	at sun.reflect.DelegatingConstructorAccessorImpl.newInstance(Unknown Source)
	at java.lang.reflect.Constructor.newInstance(Unknown Source)
	at org.openqa.selenium.remote.http.W3CHttpResponseCodec.createException(W3CHttpResponseCodec.java:187)
	at org.openqa.selenium.remote.http.W3CHttpResponseCodec.decode(W3CHttpResponseCodec.java:122)
	at org.openqa.selenium.remote.http.W3CHttpResponseCodec.decode(W3CHttpResponseCodec.java:49)
	at org.openqa.selenium.remote.HttpCommandExecutor.execute(HttpCommandExecutor.java:158)
	at org.openqa.selenium.remote.service.DriverCommandExecutor.execute(DriverCommandExecutor.java:83)
	at org.openqa.selenium.remote.RemoteWebDriver.execute(RemoteWebDriver.java:552)
	at org.openqa.selenium.remote.RemoteWebDriver.execute(RemoteWebDriver.java:609)
	at org.openqa.selenium.remote.RemoteWebDriver$RemoteWebDriverOptions$RemoteWindow.maximize(RemoteWebDriver.java:837)
	at utilities.Driver.getDriver(Driver.java:44)
	at stepdefinitions.Hooks.tearDown(Hooks.java:21)
]]></failure>
</testcase>
</testsuite>
zon.com" sayfasina gider.........................passed
And kullanici dropdownda "Books" secer......................................passed
And kullanici "Miserables" aramasi yapar....................................passed
Then kullanici cikan sonucu yazdirir........................................passed
]]></system-out>
</testcase>
<testcase classname="Amazon Arama" name="TC02_ kullanici amazonda arama yapar" time="16.748">
<system-out><![CDATA[Given kullanici amazon sayfasina gider......................................passed
And kullanici headphones aramasi yapar......................................passed
And kullanici cikan sonucu yazdirir.........................................passed
Then kullanici driveri kapatir..............................................passed
]]></system-out>
</testcase>
<testcase classname="Amazon zurun Arama" name="TC04_kullanici amazonda urun aramasi yapar" time="16.372">
<system-out><![CDATA[Given kullanici amazon sayfasina gider......................................passed
And kullanici "drone" aramasi yapar.........................................passed
And kullanici cikan sonucu yazdirir.........................................passed
]]></system-out>
</testcase>
</testsuite>
